2022-08-31 00:37:16,598-INFO-test_case.py-Line:19-Message:用例开始执行
2022-08-31 00:37:16,630-ERROR-test_case.py-Line:36-Message:用例执行失败:201 != 200
2022-08-31 00:37:16,630-INFO-test_case.py-Line:22-Message:用例执行结束
2022-08-31 00:37:16,637-INFO-test_case.py-Line:19-Message:用例开始执行
2022-08-31 00:37:16,664-INFO-test_case.py-Line:39-Message:用例2:售罄宠物 测试通过
2022-08-31 00:37:16,664-INFO-test_case.py-Line:22-Message:用例执行结束
2022-08-31 00:37:16,665-INFO-test_case.py-Line:19-Message:用例开始执行
2022-08-31 00:37:16,691-INFO-test_case.py-Line:39-Message:用例3:不存在宠物 测试通过
2022-08-31 00:37:16,691-INFO-test_case.py-Line:22-Message:用例执行结束
2022-08-31 00:37:16,691-INFO-test_case.py-Line:19-Message:用例开始执行
2022-08-31 00:37:16,717-INFO-test_case.py-Line:39-Message:用例4:宠物格式错误 测试通过
2022-08-31 00:37:16,717-INFO-test_case.py-Line:22-Message:用例执行结束
2022-08-31 00:44:18,053-INFO-test_case.py-Line:19-Message:用例开始执行
2022-08-31 00:44:18,057-ERROR-test_case.py-Line:35-Message:用例执行失败:Invalid URL '1111': No scheme supplied. Perhaps you meant http://1111?
2022-08-31 00:44:18,057-INFO-test_case.py-Line:22-Message:用例执行结束
2022-08-31 00:44:18,072-INFO-test_case.py-Line:19-Message:用例开始执行
2022-08-31 00:44:18,073-ERROR-test_case.py-Line:35-Message:用例执行失败:Invalid URL '1111': No scheme supplied. Perhaps you meant http://1111?
2022-08-31 00:44:18,073-INFO-test_case.py-Line:22-Message:用例执行结束
2022-08-31 00:44:18,074-INFO-test_case.py-Line:19-Message:用例开始执行
2022-08-31 00:44:18,074-ERROR-test_case.py-Line:35-Message:用例执行失败:Invalid URL '1111': No scheme supplied. Perhaps you meant http://1111?
2022-08-31 00:44:18,074-INFO-test_case.py-Line:22-Message:用例执行结束
2022-08-31 00:44:18,075-INFO-test_case.py-Line:19-Message:用例开始执行
2022-08-31 00:44:18,076-ERROR-test_case.py-Line:35-Message:用例执行失败:Invalid URL '1111': No scheme supplied. Perhaps you meant http://1111?
2022-08-31 00:44:18,076-INFO-test_case.py-Line:22-Message:用例执行结束
